Opening ./trimesh.temp/polyfile.poly.
Constructing Delaunay triangulation by divide-and-conquer method.
Delaunay milliseconds:  0
Recovering segments in Delaunay triangulation.
Segment milliseconds:  0
Removing unwanted triangles.
Hole milliseconds:  0
Adding Steiner points to enforce quality.
Quality milliseconds:  0

Writing ./trimesh.temp/polyfile.1.node.
Writing ./trimesh.temp/polyfile.1.ele.
Writing ./trimesh.temp/polyfile.1.poly.

Output milliseconds:  1
Total running milliseconds:  3

Statistics:

  Input vertices: 8
  Input segments: 8
  Input holes: 0

  Mesh vertices: 528
  Mesh triangles: 958
  Mesh edges: 1485
  Mesh exterior boundary edges: 96
  Mesh interior boundary edges: 0
  Mesh subsegments (constrained edges): 96

